#-----------------------------------------------------------
# Vivado v2020.3 (64-bit)
# SW Build 3173277 on Wed Apr  7 05:07:49 MDT 2021
# IP Build 3174024 on Wed Apr  7 23:42:35 MDT 2021
# Start of session at: Wed Jun  2 00:34:21 2021
# Process ID: 7368
# Current directory: C:/Users/Admin/OneDrive/桌面/project_1
# Command line: vivado.exe -gui_launcher_event rodinguilauncherevent14616 C:\Users\Admin\OneDrive\桌面\project_1\project_1.xpr
# Log file: C:/Users/Admin/OneDrive/桌面/project_1/vivado.log
# Journal file: C:/Users/Admin/OneDrive/桌面/project_1\vivado.jou
#-----------------------------------------------------------
start_gui
open_project C:/Users/Admin/OneDrive/桌面/project_1/project_1.xpr
INFO: [Project 1-313] Project file moved from 'C:/Users/Admin/OneDrive/project_1' since last save.
Scanning sources...
Finished scanning sources
INFO: [IP_Flow 19-234] Refreshing IP repositories
INFO: [IP_Flow 19-1704] No user IP repositories specified
INFO: [IP_Flow 19-2313] Loaded Vivado IP repository 'C:/Xilinx/Vivado/2020.3/data/ip'.
update_compile_order -fileset sources_1
open_run impl_1
INFO: [Device 21-403] Loading part xcvc1802-viva1596-1LHP-i-L
WARNING: [Device 21-713] Unknown Tile Type, SLL, given for group, SLL
Netlist sorting complete. Time (s): cpu = 00:00:00 ; elapsed = 00:00:00 . Memory (MB): peak = 1705.570 ; gain = 0.000
INFO: [Project 1-479] Netlist was created with Vivado 2020.3
INFO: [Constraints 18-5718] GCLK Deskew mode is set to Off via param.
INFO: [Project 1-570] Preparing netlist for logic optimization
INFO: [Timing 38-478] Restoring timing data from binary archive.
INFO: [Timing 38-479] Binary timing data restore complete.
INFO: [Project 1-856] Restoring constraints from binary archive.
INFO: [Project 1-853] Binary constraint restore complete.
Reading XDEF placement.
Reading placer database...
Reading XDEF routing.
Read XDEF File: Time (s): cpu = 00:00:01 ; elapsed = 00:00:00.269 . Memory (MB): peak = 2724.957 ; gain = 0.000
Restored from archive | CPU: 4.000000 secs | Memory: 0.000000 MB |
Finished XDEF File Restore: Time (s): cpu = 00:00:03 ; elapsed = 00:00:03 . Memory (MB): peak = 2724.957 ; gain = 346.234
INFO: [Device 21-2210] 2 Level speed models with no predriver populated from models with predrivers.  Count = 65
Netlist sorting complete. Time (s): cpu = 00:00:00 ; elapsed = 00:00:00 . Memory (MB): peak = 3006.066 ; gain = 0.000
INFO: [Project 1-111] Unisim Transformation Summary:
No Unisim elements were transformed.

open_run: Time (s): cpu = 00:01:16 ; elapsed = 00:00:59 . Memory (MB): peak = 4391.371 ; gain = 3289.586
WARNING: [Timing 38-313] There are no user specified timing constraints. Timing constraints are needed for proper timing analysis.
exit
INFO: [Common 17-206] Exiting Vivado at Wed Jun  2 00:41:18 2021...
