#-----------------------------------------------------------
# Vivado v2020.3 (64-bit)
# SW Build 3173277 on Wed Apr  7 05:07:49 MDT 2021
# IP Build 3174024 on Wed Apr  7 23:42:35 MDT 2021
# Start of session at: Thu Jun 10 11:19:47 2021
# Process ID: 12764
# Current directory: E:/学习/Uni/TGI/2/TripGenieTemplate
# Command line: vivado.exe -gui_launcher_event rodinguilauncherevent10732 E:\学习\Uni\TGI\2\TripGenieTemplate\TripGenieTemplate.xpr
# Log file: E:/学习/Uni/TGI/2/TripGenieTemplate/vivado.log
# Journal file: E:/学习/Uni/TGI/2/TripGenieTemplate\vivado.jou
#-----------------------------------------------------------
start_gui
open_project E:/学习/Uni/TGI/2/TripGenieTemplate/TripGenieTemplate.xpr
INFO: [Project 1-313] Project file moved from 'C:/Users/Admin/OneDrive/桌面/TripGenieTemplate' since last save.
Scanning sources...
Finished scanning sources
INFO: [IP_Flow 19-234] Refreshing IP repositories
INFO: [IP_Flow 19-1704] No user IP repositories specified
INFO: [IP_Flow 19-2313] Loaded Vivado IP repository 'C:/Xilinx/Vivado/2020.3/data/ip'.
update_compile_order -fileset sources_1
open_run synth_1 -name synth_1
Design is defaulting to impl run constrset: constrs_1
Design is defaulting to synth run part: xcvc1802-viva1596-1LHP-i-L
INFO: [Device 21-403] Loading part xcvc1802-viva1596-1LHP-i-L
WARNING: [Device 21-713] Unknown Tile Type, SLL, given for group, SLL
Netlist sorting complete. Time (s): cpu = 00:00:00 ; elapsed = 00:00:00.001 . Memory (MB): peak = 1769.027 ; gain = 0.000
INFO: [Project 1-479] Netlist was created with Vivado 2020.3
INFO: [Constraints 18-5718] GCLK Deskew mode is set to Off via param.
INFO: [Project 1-570] Preparing netlist for logic optimization
Parsing XDC File [E:/学习/Uni/TGI/2/TripGenieTemplate/TripGenieTemplate.srcs/constrs_1/new/TripGenieConstraints.xdc]
CRITICAL WARNING: [Common 17-69] Command failed: 'W17' is not a valid site or package pin name. [E:/学习/Uni/TGI/2/TripGenieTemplate/TripGenieTemplate.srcs/constrs_1/new/TripGenieConstraints.xdc:4]
CRITICAL WARNING: [Common 17-69] Command failed: 'W16' is not a valid site or package pin name. [E:/学习/Uni/TGI/2/TripGenieTemplate/TripGenieTemplate.srcs/constrs_1/new/TripGenieConstraints.xdc:5]
CRITICAL WARNING: [Common 17-69] Command failed: 'V16' is not a valid site or package pin name. [E:/学习/Uni/TGI/2/TripGenieTemplate/TripGenieTemplate.srcs/constrs_1/new/TripGenieConstraints.xdc:6]
CRITICAL WARNING: [Common 17-69] Command failed: 'V17' is not a valid site or package pin name. [E:/学习/Uni/TGI/2/TripGenieTemplate/TripGenieTemplate.srcs/constrs_1/new/TripGenieConstraints.xdc:7]
CRITICAL WARNING: [Vivado 12-1411] Cannot set LOC property of ports, Could not find a valid bel [E:/学习/Uni/TGI/2/TripGenieTemplate/TripGenieTemplate.srcs/constrs_1/new/TripGenieConstraints.xdc:10]
CRITICAL WARNING: [Common 17-69] Command failed: 'P1' is not a valid site or package pin name. [E:/学习/Uni/TGI/2/TripGenieTemplate/TripGenieTemplate.srcs/constrs_1/new/TripGenieConstraints.xdc:11]
CRITICAL WARNING: [Common 17-69] Command failed: 'N3' is not a valid site or package pin name. [E:/学习/Uni/TGI/2/TripGenieTemplate/TripGenieTemplate.srcs/constrs_1/new/TripGenieConstraints.xdc:12]
CRITICAL WARNING: [Common 17-69] Command failed: 'P3' is not a valid site or package pin name. [E:/学习/Uni/TGI/2/TripGenieTemplate/TripGenieTemplate.srcs/constrs_1/new/TripGenieConstraints.xdc:13]
CRITICAL WARNING: [Common 17-69] Command failed: 'U3' is not a valid site or package pin name. [E:/学习/Uni/TGI/2/TripGenieTemplate/TripGenieTemplate.srcs/constrs_1/new/TripGenieConstraints.xdc:14]
CRITICAL WARNING: [Common 17-69] Command failed: 'W3' is not a valid site or package pin name. [E:/学习/Uni/TGI/2/TripGenieTemplate/TripGenieTemplate.srcs/constrs_1/new/TripGenieConstraints.xdc:15]
Finished Parsing XDC File [E:/学习/Uni/TGI/2/TripGenieTemplate/TripGenieTemplate.srcs/constrs_1/new/TripGenieConstraints.xdc]
INFO: [Opt 31-138] Pushed 0 inverter(s) to 0 load pin(s).
Netlist sorting complete. Time (s): cpu = 00:00:00 ; elapsed = 00:00:00 . Memory (MB): peak = 2376.238 ; gain = 0.000
INFO: [Project 1-111] Unisim Transformation Summary:
No Unisim elements were transformed.

open_run: Time (s): cpu = 00:00:46 ; elapsed = 00:00:37 . Memory (MB): peak = 3404.762 ; gain = 2303.148
INFO: [Device 21-2210] 2 Level speed models with no predriver populated from models with predrivers.  Count = 65
